<?xml version="1.0" encoding="UTF-8"?>
<!-- Generated by org.testng.reporters.JUnitReportReporter -->
<testsuite hostname="DESKTOP-TDGDFPV" failures="0" tests="1" name="com.opencart.testCases.TC_RF_012" time="19.711" errors="0" timestamp="16 Apr 2022 17:22:46 GMT" skipped="0">
  <testcase classname="com.opencart.testCases.TC_RF_012" name="registerTest" time="19.711"/>
</testsuite> <!-- com.opencart.testCases.TC_RF_012 -->
