<?xml version="1.0" encoding="UTF-8"?>
<!-- Generated by org.testng.reporters.JUnitReportReporter -->
<testsuite hostname="DESKTOP-TDGDFPV" failures="0" tests="1" name="com.opencart.testCases.TC_FP_001" time="13.574" errors="0" timestamp="18 Apr 2022 15:03:55 GMT" skipped="0">
  <testcase classname="com.opencart.testCases.TC_FP_001" name="forgetPassword" time="13.574"/>
</testsuite> <!-- com.opencart.testCases.TC_FP_001 -->
