<?xml version="1.0" encoding="UTF-8"?>
<!-- Generated by org.testng.reporters.JUnitReportReporter -->
<testsuite hostname="DESKTOP-TDGDFPV" failures="0" tests="1" name="com.opencart.testCases.TC_LG_002" time="21.764" errors="0" timestamp="02 Jun 2022 09:58:53 GMT" skipped="0">
  <testcase classname="com.opencart.testCases.TC_LG_002" name="logout" time="21.764"/>
</testsuite> <!-- com.opencart.testCases.TC_LG_002 -->
