<?xml version="1.0" encoding="UTF-8"?>
<!-- Generated by org.testng.reporters.JUnitReportReporter -->
<testsuite hostname="DESKTOP-TDGDFPV" failures="0" tests="1" name="com.opencart.testCases.TC_Login_001" time="14.720" errors="0" timestamp="16 Apr 2022 16:45:53 GMT" skipped="0">
  <testcase classname="com.opencart.testCases.TC_Login_001" name="loginTest" time="14.720"/>
</testsuite> <!-- com.opencart.testCases.TC_Login_001 -->
